2020-01-02 14:49:14  [ JavaFX Application Thread:0 ] - [ ERROR ]  Connection refused: no further information: localhost/127.0.0.1:1000
2020-01-02 14:49:40  [ nioEventLoopGroup-3-1:26581 ] - [ INFO ]  连接服务器成功;通道ID:f6ce8a50
2020-01-02 14:49:40  [ JavaFX Application Thread:26583 ] - [ INFO ]  发送信息false
2020-01-02 14:50:49  [ nioEventLoopGroup-3-1:95590 ] - [ INFO ]  远程主机强迫关闭了一个现有的连接。
2020-01-02 14:50:58  [ nioEventLoopGroup-4-1:104927 ] - [ INFO ]  连接服务器成功;通道ID:5ec0097d
2020-01-02 14:50:58  [ JavaFX Application Thread:104927 ] - [ INFO ]  发送信息false
2020-01-02 14:52:20  [ nioEventLoopGroup-4-1:186085 ] - [ INFO ]  远程主机强迫关闭了一个现有的连接。
2020-01-02 14:52:37  [ nioEventLoopGroup-5-1:203023 ] - [ INFO ]  连接服务器成功;通道ID:8515e043
2020-01-02 14:52:37  [ JavaFX Application Thread:203023 ] - [ INFO ]  发送信息false
2020-01-02 14:53:19  [ nioEventLoopGroup-5-1:245497 ] - [ INFO ]  远程主机强迫关闭了一个现有的连接。
2020-01-02 14:53:26  [ JavaFX Application Thread:252224 ] - [ ERROR ]  Connection refused: no further information: localhost/127.0.0.1:1000
2020-01-02 14:53:34  [ nioEventLoopGroup-7-1:260207 ] - [ INFO ]  连接服务器成功;通道ID:f1e6b060
2020-01-02 14:53:34  [ JavaFX Application Thread:260208 ] - [ INFO ]  发送信息false
2020-01-02 14:54:38  [ nioEventLoopGroup-7-1:324365 ] - [ INFO ]  远程主机强迫关闭了一个现有的连接。
2020-01-02 14:54:44  [ JavaFX Application Thread:330227 ] - [ ERROR ]  Connection refused: no further information: localhost/127.0.0.1:1000
2020-01-02 14:54:51  [ nioEventLoopGroup-9-1:337131 ] - [ INFO ]  连接服务器成功;通道ID:228603a6
2020-01-02 14:54:51  [ JavaFX Application Thread:337132 ] - [ INFO ]  发送信息false
2020-01-02 14:55:09  [ nioEventLoopGroup-9-1:355249 ] - [ INFO ]  远程主机强迫关闭了一个现有的连接。
2020-01-02 14:55:34  [ nioEventLoopGroup-10-1:380784 ] - [ INFO ]  连接服务器成功;通道ID:ace7acef
2020-01-02 14:55:34  [ JavaFX Application Thread:380784 ] - [ INFO ]  发送信息false
2020-01-02 14:56:33  [ nioEventLoopGroup-2-1:0 ] - [ INFO ]  连接服务器成功;通道ID:03dc3dc2
2020-01-02 14:56:33  [ JavaFX Application Thread:2 ] - [ INFO ]  发送信息false
2020-01-02 14:57:38  [ nioEventLoopGroup-2-1:65136 ] - [ INFO ]  远程主机强迫关闭了一个现有的连接。
2020-01-02 14:57:49  [ nioEventLoopGroup-3-1:75494 ] - [ INFO ]  连接服务器成功;通道ID:4acce30d
2020-01-02 14:57:49  [ JavaFX Application Thread:75494 ] - [ INFO ]  发送信息false
2020-01-02 14:58:10  [ nioEventLoopGroup-4-1:96177 ] - [ INFO ]  连接服务器成功;通道ID:4ff11d43
2020-01-02 14:58:10  [ JavaFX Application Thread:96177 ] - [ INFO ]  发送信息false
2020-01-02 15:00:04  [ nioEventLoopGroup-2-1:0 ] - [ INFO ]  连接服务器成功;通道ID:ef66e56e
2020-01-02 15:00:04  [ nioEventLoopGroup-3-1:12 ] - [ INFO ]  连接服务器成功;通道ID:9e6ba2d9
2020-01-02 15:00:13  [ JavaFX Application Thread:9547 ] - [ INFO ]  发送信息false
2020-01-02 15:00:13  [ JavaFX Application Thread:9548 ] - [ INFO ]  send
2020-01-02 15:01:41  [ nioEventLoopGroup-2-1:97375 ] - [ INFO ]  远程主机强迫关闭了一个现有的连接。
2020-01-02 15:01:41  [ nioEventLoopGroup-3-1:97375 ] - [ INFO ]  远程主机强迫关闭了一个现有的连接。
2020-01-02 15:01:50  [ nioEventLoopGroup-4-1:106437 ] - [ INFO ]  连接服务器成功;通道ID:a9211b65
2020-01-02 15:02:00  [ JavaFX Application Thread:116698 ] - [ INFO ]  发送信息false
2020-01-02 15:02:00  [ JavaFX Application Thread:116698 ] - [ INFO ]  send
2020-01-02 15:02:21  [ nioEventLoopGroup-2-1:0 ] - [ INFO ]  连接服务器成功;通道ID:4e2d0cea
2020-01-02 15:02:25  [ JavaFX Application Thread:4020 ] - [ INFO ]  发送信息false
2020-01-02 15:02:25  [ JavaFX Application Thread:4021 ] - [ INFO ]  send
2020-01-02 15:02:57  [ nioEventLoopGroup-2-1:35565 ] - [ INFO ]  远程主机强迫关闭了一个现有的连接。
2020-01-02 15:03:08  [ nioEventLoopGroup-3-1:46248 ] - [ INFO ]  连接服务器成功;通道ID:0d182a63
2020-01-02 15:03:12  [ JavaFX Application Thread:50907 ] - [ INFO ]  发送信息false
2020-01-02 15:03:12  [ JavaFX Application Thread:50908 ] - [ INFO ]  send
2020-01-02 15:03:17  [ JavaFX Application Thread:55795 ] - [ INFO ]  发送信息false
2020-01-02 15:03:17  [ JavaFX Application Thread:55795 ] - [ INFO ]  send
2020-01-02 15:03:24  [ JavaFX Application Thread:62604 ] - [ INFO ]  发送信息false
2020-01-02 15:03:24  [ JavaFX Application Thread:62604 ] - [ INFO ]  send
2020-01-02 15:03:30  [ JavaFX Application Thread:68420 ] - [ INFO ]  发送信息false
2020-01-02 15:03:30  [ JavaFX Application Thread:68420 ] - [ INFO ]  send
2020-01-02 15:04:29  [ nioEventLoopGroup-3-1:127249 ] - [ INFO ]  远程主机强迫关闭了一个现有的连接。
2020-01-02 15:04:37  [ nioEventLoopGroup-4-1:135357 ] - [ INFO ]  连接服务器成功;通道ID:a32bffac
2020-01-02 15:04:42  [ JavaFX Application Thread:140235 ] - [ INFO ]  发送信息false
2020-01-02 15:04:42  [ JavaFX Application Thread:140236 ] - [ INFO ]  send
2020-01-02 15:05:02  [ nioEventLoopGroup-4-1:160715 ] - [ INFO ]  远程主机强迫关闭了一个现有的连接。
2020-01-02 15:05:11  [ JavaFX Application Thread:169099 ] - [ INFO ]  发送信息false
2020-01-02 15:05:11  [ JavaFX Application Thread:169099 ] - [ INFO ]  send
2020-01-02 15:05:16  [ JavaFX Application Thread:174979 ] - [ INFO ]  发送信息false
2020-01-02 15:05:16  [ JavaFX Application Thread:174979 ] - [ INFO ]  send
2020-01-02 15:05:22  [ nioEventLoopGroup-5-1:180284 ] - [ INFO ]  连接服务器成功;通道ID:2d169a80
2020-01-02 15:05:24  [ JavaFX Application Thread:182660 ] - [ INFO ]  发送信息false
2020-01-02 15:05:24  [ JavaFX Application Thread:182660 ] - [ INFO ]  send
2020-01-02 15:05:28  [ JavaFX Application Thread:186684 ] - [ INFO ]  发送信息false
2020-01-02 15:05:28  [ JavaFX Application Thread:186684 ] - [ INFO ]  send
2020-01-02 15:05:44  [ JavaFX Application Thread:202803 ] - [ INFO ]  发送信息false
2020-01-02 15:05:44  [ JavaFX Application Thread:202804 ] - [ INFO ]  send
2020-01-02 15:06:02  [ nioEventLoopGroup-5-1:220857 ] - [ INFO ]  远程主机强迫关闭了一个现有的连接。
2020-01-02 15:24:41  [ nioEventLoopGroup-2-1:0 ] - [ INFO ]  连接服务器成功;通道ID:a104a5b6
2020-01-02 15:24:47  [ JavaFX Application Thread:5949 ] - [ INFO ]  发送信息false
2020-01-02 15:26:56  [ nioEventLoopGroup-2-1:0 ] - [ INFO ]  连接服务器成功;通道ID:9ee21e8c
2020-01-02 15:27:09  [ nioEventLoopGroup-2-1:0 ] - [ INFO ]  连接服务器成功;通道ID:de0645f6
2020-01-02 15:28:42  [ nioEventLoopGroup-2-1:92676 ] - [ INFO ]  远程主机强迫关闭了一个现有的连接。
2020-01-02 15:28:42  [ nioEventLoopGroup-2-1:105511 ] - [ INFO ]  远程主机强迫关闭了一个现有的连接。
2020-01-02 15:28:42  [ nioEventLoopGroup-2-1:240911 ] - [ INFO ]  远程主机强迫关闭了一个现有的连接。
2020-01-02 15:31:19  [ nioEventLoopGroup-2-1:0 ] - [ INFO ]  连接服务器成功;通道ID:39e777c0
2020-01-02 15:31:29  [ nioEventLoopGroup-2-1:0 ] - [ INFO ]  连接服务器成功;通道ID:b45fc98e
2020-01-02 15:33:05  [ nioEventLoopGroup-2-1:95941 ] - [ INFO ]  远程主机强迫关闭了一个现有的连接。
2020-01-02 15:33:05  [ nioEventLoopGroup-2-1:105545 ] - [ INFO ]  远程主机强迫关闭了一个现有的连接。
2020-01-02 15:34:04  [ nioEventLoopGroup-2-1:0 ] - [ INFO ]  连接服务器成功;通道ID:d6678f80
2020-01-02 15:34:22  [ nioEventLoopGroup-2-1:0 ] - [ INFO ]  连接服务器成功;通道ID:ee1924b4
2020-01-02 15:35:21  [ nioEventLoopGroup-2-1:58268 ] - [ INFO ]  远程主机强迫关闭了一个现有的连接。
2020-01-02 15:35:21  [ nioEventLoopGroup-2-1:76414 ] - [ INFO ]  远程主机强迫关闭了一个现有的连接。
2020-01-02 15:35:53  [ nioEventLoopGroup-2-1:0 ] - [ INFO ]  连接服务器成功;通道ID:4040fae1
2020-01-02 15:37:00  [ nioEventLoopGroup-2-1:0 ] - [ INFO ]  连接服务器成功;通道ID:a732e80c
2020-01-02 15:37:12  [ nioEventLoopGroup-2-1:0 ] - [ INFO ]  连接服务器成功;通道ID:5e92eb8c
2020-01-02 15:37:15  [ JavaFX Application Thread:3836 ] - [ INFO ]  发送信息false
2020-01-02 15:37:59  [ nioEventLoopGroup-2-1:47159 ] - [ INFO ]  远程主机强迫关闭了一个现有的连接。
2020-01-02 15:37:59  [ nioEventLoopGroup-2-1:58985 ] - [ INFO ]  远程主机强迫关闭了一个现有的连接。
2020-01-02 15:40:13  [ nioEventLoopGroup-2-1:0 ] - [ INFO ]  连接服务器成功;通道ID:2a0372da
2020-01-02 15:40:18  [ nioEventLoopGroup-2-1:0 ] - [ INFO ]  连接服务器成功;通道ID:13c6a96d
2020-01-02 15:40:22  [ JavaFX Application Thread:3437 ] - [ INFO ]  发送信息false
2020-01-02 15:43:01  [ nioEventLoopGroup-2-1:162478 ] - [ INFO ]  远程主机强迫关闭了一个现有的连接。
2020-01-02 15:43:01  [ nioEventLoopGroup-2-1:167573 ] - [ INFO ]  远程主机强迫关闭了一个现有的连接。
2020-01-02 15:43:25  [ nioEventLoopGroup-2-1:0 ] - [ INFO ]  连接服务器成功;通道ID:07459a04
2020-01-02 15:43:34  [ nioEventLoopGroup-2-1:0 ] - [ INFO ]  连接服务器成功;通道ID:51c42b0c
2020-01-02 15:43:37  [ JavaFX Application Thread:3648 ] - [ INFO ]  发送信息false
2020-01-02 15:45:22  [ nioEventLoopGroup-2-1:108503 ] - [ INFO ]  远程主机强迫关闭了一个现有的连接。
2020-01-02 15:45:22  [ nioEventLoopGroup-2-1:117427 ] - [ INFO ]  远程主机强迫关闭了一个现有的连接。
2020-01-02 15:45:40  [ nioEventLoopGroup-2-1:0 ] - [ INFO ]  连接服务器成功;通道ID:6d0b5244
2020-01-02 15:45:50  [ nioEventLoopGroup-2-1:0 ] - [ INFO ]  连接服务器成功;通道ID:4a753baf
2020-01-02 15:45:55  [ JavaFX Application Thread:5087 ] - [ INFO ]  发送信息false
2020-01-02 15:46:29  [ JavaFX Application Thread:38421 ] - [ INFO ]  发送信息false
2020-01-02 15:46:45  [ nioEventLoopGroup-2-1:0 ] - [ INFO ]  连接服务器成功;通道ID:7100108a
